c:\users\grain\desktop\project\server\gateserver\gateserver\x64\debug\vc143.pdb
c:\users\grain\desktop\project\server\gateserver\gateserver\x64\debug\vc143.idb
c:\users\grain\desktop\project\server\gateserver\gateserver\x64\debug\varifygrpcclient.obj
c:\users\grain\desktop\project\server\gateserver\gateserver\x64\debug\redismgr.obj
c:\users\grain\desktop\project\server\gateserver\gateserver\x64\debug\mysqlpool.obj
c:\users\grain\desktop\project\server\gateserver\gateserver\x64\debug\mysqlmgr.obj
c:\users\grain\desktop\project\server\gateserver\gateserver\x64\debug\mysqldao.obj
c:\users\grain\desktop\project\server\gateserver\gateserver\x64\debug\message.pb.obj
c:\users\grain\desktop\project\server\gateserver\gateserver\x64\debug\message.grpc.pb.obj
c:\users\grain\desktop\project\server\gateserver\gateserver\x64\debug\logicsystem.obj
c:\users\grain\desktop\project\server\gateserver\gateserver\x64\debug\httpconnection.obj
c:\users\grain\desktop\project\server\gateserver\gateserver\x64\debug\gateserver.obj
c:\users\grain\desktop\project\server\gateserver\gateserver\x64\debug\cserver.obj
c:\users\grain\desktop\project\server\gateserver\gateserver\x64\debug\configmgr.obj
c:\users\grain\desktop\project\server\gateserver\gateserver\x64\debug\asioioservicepool.obj
c:\users\grain\desktop\project\server\gateserver\gateserver\x64\debug\gateserver.tlog\cl.command.1.tlog
c:\users\grain\desktop\project\server\gateserver\gateserver\x64\debug\gateserver.tlog\cl.read.1.tlog
c:\users\grain\desktop\project\server\gateserver\gateserver\x64\debug\gateserver.tlog\cl.write.1.tlog
c:\users\grain\desktop\project\server\gateserver\gateserver\x64\debug\gateserver.tlog\link.command.1.tlog
c:\users\grain\desktop\project\server\gateserver\gateserver\x64\debug\gateserver.tlog\link.read.1.tlog
c:\users\grain\desktop\project\server\gateserver\gateserver\x64\debug\gateserver.tlog\link.write.1.tlog
